<?xml version="1.0" encoding="UTF-8"?>
<!-- Generated by org.testng.reporters.JUnitReportReporter -->
<testsuite hostname="DESKTOP-EDB1SR6" failures="0" tests="2" name="nadeemlateef.com.AppiumTest" time="0.005" errors="0" timestamp="2021-06-15T20:23:47 IST" skipped="0">
  <testcase classname="nadeemlateef.com.AppiumTest" name="NativeAppAndroid" time="0.001"/>
  <system-out/>
  <testcase classname="nadeemlateef.com.AppiumTest" name="IOSApp" time="0.004"/>
  <system-out/>
</testsuite> <!-- nadeemlateef.com.AppiumTest -->
