<?xml version="1.0" encoding="UTF-8"?>
<!-- Generated by org.testng.reporters.JUnitReportReporter -->
<testsuite hostname="DESKTOP-EDB1SR6" failures="0" tests="2" name="nadeemlateef.com.RetsAPITest" time="0.001" errors="0" timestamp="2021-06-15T20:23:08 IST" skipped="0">
  <testcase classname="nadeemlateef.com.RetsAPITest" name="deleteTwitter" time="0.000"/>
  <system-out/>
  <testcase classname="nadeemlateef.com.RetsAPITest" name="PostJira" time="0.001"/>
  <system-out/>
</testsuite> <!-- nadeemlateef.com.RetsAPITest -->
