<?xml version="1.0" encoding="UTF-8"?>
<!-- Generated by org.testng.reporters.JUnitReportReporter -->
<testsuite hostname="DESKTOP-EDB1SR6" failures="0" tests="2" name="nadeemlateef.com.SeleniumTest" time="0.000" errors="0" timestamp="2021-06-15T20:23:08 IST" skipped="0">
  <testcase classname="nadeemlateef.com.SeleniumTest" name="BrowserAutomation" time="0.000"/>
  <system-out/>
  <testcase classname="nadeemlateef.com.SeleniumTest" name="elementUI" time="0.000"/>
  <system-out/>
</testsuite> <!-- nadeemlateef.com.SeleniumTest -->
